C51 COMPILER V9.60.0.0   DS1302                                                            06/06/2024 00:34:21 PAGE 1   


C51 COMPILER V9.60.0.0, COMPILATION OF MODULE DS1302
OBJECT MODULE PLACED IN .\Objects\ds1302.obj
COMPILER INVOKED BY: D:\Keil_v5\C51\BIN\C51.EXE ..\Driver\ds1302.c OPTIMIZE(8,SPEED) BROWSE INCDIR(..\Driver) DEBUG OBJE
                    -CTEXTEND PRINT(.\Listings\ds1302.lst) TABS(2) OBJECT(.\Objects\ds1302.obj)

line level    source

   1          /*  #   DS1302ä»£ç ç‰‡æ®µè¯´æ˜
   2            1.  æœ¬æ–‡ä»¶å¤¹ä¸­æä¾›çš„é©±åŠ¨ä»£ç ä¾›å‚èµ›é€‰æ‰‹å®Œæˆç¨‹åºè®¾è®¡å‚è€ƒã€‚
   3            2.  å‚èµ›é€‰æ‰‹å¯ä»¥è‡ªè¡Œç¼–å†™ç›¸å…³ä»£ç æˆ–ä»¥è¯¥ä»£ç ä¸ºåŸºç¡€ï¼Œæ ¹æ®æ‰€é€‰å•ç‰‡æœºç±»å‹ã€è¿
             -è¡Œé€Ÿåº¦å’Œè¯•é¢˜
   4              ä¸­å¯¹å•ç‰‡æœºæ—¶é’Ÿé¢‘ç‡çš„è¦æ±‚ï¼Œè¿›è¡Œä»£ç è°ƒè¯•å’Œä¿®æ”¹ã€‚
   5          */                
   6          
   7          //
   8          #include <ds1302.h>
   9          #include <INTRINS.h>
  10          
  11          sbit SCK = P3^6;
  12          sbit SDA = P3^4;
  13          sbit RST = P3^5;
  14          
  15          void Write_Ds1302(unsigned char temp) 
  16          {
  17   1        unsigned char i;
  18   1        for (i=0;i<8;i++)       
  19   1        { 
  20   2          SCK = 0;
  21   2          SDA = temp&0x01;
  22   2          temp>>=1; 
  23   2          SCK=1;
  24   2        }
  25   1      }   
  26          
  27          //
  28          void Write_Ds1302_Byte(unsigned char address,unsigned char dat)     
  29          {
  30   1        RST=0;  _nop_();
  31   1        SCK=0;  _nop_();
  32   1        RST=1;  _nop_();  
  33   1        Write_Ds1302(address);  
  34   1        Write_Ds1302(dat);    
  35   1        RST=0; 
  36   1      }
  37          
  38          //
  39          unsigned char Read_Ds1302_Byte(unsigned char address )
  40          {
  41   1        unsigned char i,temp=0x00;
  42   1        RST=0;  _nop_();
  43   1        SCK=0;  _nop_();
  44   1        RST=1;  _nop_();
  45   1        Write_Ds1302(address);
  46   1        for (i=0;i<8;i++)   
  47   1        {   
  48   2          SCK=0;
  49   2          temp>>=1; 
  50   2          if(SDA)
  51   2          temp|=0x80; 
  52   2          SCK=1;
  53   2        } 
C51 COMPILER V9.60.0.0   DS1302                                                            06/06/2024 00:34:21 PAGE 2   

  54   1        RST=0;  _nop_();
  55   1        SCK=0;  _nop_();
  56   1        SCK=1;  _nop_();
  57   1        SDA=0;  _nop_();
  58   1        SDA=1;  _nop_();
  59   1        return (temp);      
  60   1      }
  61          
  62          void Set_Clk(unsigned char* ucClk){
  63   1        Write_Ds1302_Byte(0X8E,0X00);
  64   1        Write_Ds1302_Byte(0X84,ucClk[0]);
  65   1        Write_Ds1302_Byte(0X82,ucClk[1]);
  66   1        Write_Ds1302_Byte(0X80,ucClk[2]);
  67   1        Write_Ds1302_Byte(0X8E,0X80);
  68   1      }
  69          
  70          void Read_Clk(unsigned char* ucClk){
  71   1        ucClk[0] = Read_Ds1302_Byte(0X85);
  72   1        ucClk[1] = Read_Ds1302_Byte(0X83);
  73   1        ucClk[2] = Read_Ds1302_Byte(0X81);
  74   1      }


MODULE INFORMATION:   STATIC OVERLAYABLE
   CODE SIZE        =    189    ----
   CONSTANT SIZE    =   ----    ----
   XDATA SIZE       =   ----    ----
   PDATA SIZE       =   ----    ----
   DATA SIZE        =   ----    ----
   IDATA SIZE       =   ----    ----
   BIT SIZE         =   ----    ----
END OF MODULE INFORMATION.


C51 COMPILATION COMPLETE.  0 WARNING(S),  0 ERROR(S)
