C51 COMPILER V9.60.0.0   IIC                                                               06/06/2024 00:34:21 PAGE 1   


C51 COMPILER V9.60.0.0, COMPILATION OF MODULE IIC
OBJECT MODULE PLACED IN .\Objects\iic.obj
COMPILER INVOKED BY: D:\Keil_v5\C51\BIN\C51.EXE ..\Driver\iic.c OPTIMIZE(8,SPEED) BROWSE INCDIR(..\Driver) DEBUG OBJECTE
                    -XTEND PRINT(.\Listings\iic.lst) TABS(2) OBJECT(.\Objects\iic.obj)

line level    source

   1          /*  #   I2C代码片段说明
   2            1.  本文件夹中提供的驱动代码供参赛选手完成程序设计参考。
   3            2.  参赛选手可以自行编写相关代码或以该代码为基础，根据所选单片机类型、
             -行速度和试题
   4              中对单片机时钟频率的要求，进行代码调试和修改。
   5          */
   6          #include <iic.h>
   7          //
   8          static void I2C_Delay(unsigned char n)
   9          {
  10   1          do
  11   1          {
  12   2              _nop_();_nop_();_nop_();_nop_();_nop_();
  13   2              _nop_();_nop_();_nop_();_nop_();_nop_();
  14   2              _nop_();_nop_();_nop_();_nop_();_nop_();    
  15   2          }
  16   1          while(n--);       
  17   1      }
  18          
  19          //
  20          void I2CStart(void)
  21          {
  22   1          sda = 1;
  23   1          scl = 1;
  24   1        I2C_Delay(DELAY_TIME);
  25   1          sda = 0;
  26   1        I2C_Delay(DELAY_TIME);
  27   1          scl = 0;    
  28   1      }
  29          
  30          //
  31          void I2CStop(void)
  32          {
  33   1          sda = 0;
  34   1          scl = 1;
  35   1        I2C_Delay(DELAY_TIME);
  36   1          sda = 1;
  37   1        I2C_Delay(DELAY_TIME);
  38   1      }
  39          
  40          //
  41          void I2CSendByte(unsigned char byt)
  42          {
  43   1          unsigned char i;
  44   1        
  45   1          for(i=0; i<8; i++){
  46   2              scl = 0;
  47   2          I2C_Delay(DELAY_TIME);
  48   2              if(byt & 0x80){
  49   3                  sda = 1;
  50   3              }
  51   2              else{
  52   3                  sda = 0;
  53   3              }
C51 COMPILER V9.60.0.0   IIC                                                               06/06/2024 00:34:21 PAGE 2   

  54   2          I2C_Delay(DELAY_TIME);
  55   2              scl = 1;
  56   2              byt <<= 1;
  57   2          I2C_Delay(DELAY_TIME);
  58   2          }
  59   1        
  60   1          scl = 0;  
  61   1      }
  62          
  63          //
  64          unsigned char I2CReceiveByte(void)
  65          {
  66   1        unsigned char da;
  67   1        unsigned char i;
  68   1        for(i=0;i<8;i++){   
  69   2          scl = 1;
  70   2          I2C_Delay(DELAY_TIME);
  71   2          da <<= 1;
  72   2          if(sda) 
  73   2            da |= 0x01;
  74   2          scl = 0;
  75   2          I2C_Delay(DELAY_TIME);
  76   2        }
  77   1        return da;    
  78   1      }
  79          
  80          //
  81          unsigned char I2CWaitAck(void)
  82          {
  83   1        unsigned char ackbit;
  84   1        
  85   1          scl = 1;
  86   1        I2C_Delay(DELAY_TIME);
  87   1          ackbit = sda; 
  88   1          scl = 0;
  89   1        I2C_Delay(DELAY_TIME);
  90   1        
  91   1        return ackbit;
  92   1      }
  93          
  94          //
  95          void I2CSendAck(unsigned char ackbit)
  96          {
  97   1          scl = 0;
  98   1          sda = ackbit; 
  99   1        I2C_Delay(DELAY_TIME);
 100   1          scl = 1;
 101   1        I2C_Delay(DELAY_TIME);
 102   1          scl = 0; 
 103   1        sda = 1;
 104   1        I2C_Delay(DELAY_TIME);
 105   1      }
 106          
 107          unsigned char Ad_Write(unsigned char addr){
 108   1        unsigned char temp = 0;
 109   1        I2CStart();
 110   1        I2CSendByte(0X90);
 111   1        I2CWaitAck();
 112   1        
 113   1        I2CSendByte(addr);
 114   1        I2CWaitAck();
 115   1        I2CStart();
C51 COMPILER V9.60.0.0   IIC                                                               06/06/2024 00:34:21 PAGE 3   

 116   1        I2CSendByte(0X91);
 117   1        I2CWaitAck();
 118   1        temp = I2CReceiveByte();
 119   1        I2CSendAck(1);
 120   1        I2CStop();
 121   1        return temp;
 122   1      }
 123          
 124          void Da_Write(unsigned char dat){
 125   1        I2CStart();
 126   1        I2CSendByte(0X90);
 127   1        I2CWaitAck();
 128   1        
 129   1        I2CSendByte(0X41);
 130   1        I2CWaitAck();
 131   1        I2CStart();
 132   1        I2CSendByte(dat);
 133   1        I2CStop();
 134   1      }
 135          
 136          void EEPROM_Write(unsigned char* String,unsigned char addr,unsigned char num){
 137   1        I2CStart();
 138   1        I2CSendByte(0XA0);
 139   1        I2CWaitAck();
 140   1        
 141   1        I2CSendByte(addr);
 142   1        I2CWaitAck();
 143   1        
 144   1        while(num--){
 145   2          I2CSendByte(*String++);
 146   2          I2CWaitAck();
 147   2          I2C_Delay(200);
 148   2        }
 149   1        I2CStop();
 150   1      }
 151          
 152          void EEPROM_Read(unsigned char* String,unsigned char addr,unsigned char num){
 153   1        I2CStart();
 154   1        I2CSendByte(0XA0);
 155   1        I2CWaitAck();
 156   1        
 157   1        I2CSendByte(addr);
 158   1        I2CWaitAck();
 159   1        
 160   1        I2CStart();
 161   1        I2CSendByte(0XA1);
 162   1        I2CWaitAck();
 163   1        while(num--){
 164   2          *String++ = I2CReceiveByte();
 165   2          if(num) I2CSendAck(0);
 166   2          else I2CSendAck(1);
 167   2        }
 168   1        I2CStop();
 169   1      }


MODULE INFORMATION:   STATIC OVERLAYABLE
   CODE SIZE        =    391    ----
   CONSTANT SIZE    =   ----    ----
   XDATA SIZE       =   ----    ----
   PDATA SIZE       =   ----    ----
   DATA SIZE        =   ----      10
C51 COMPILER V9.60.0.0   IIC                                                               06/06/2024 00:34:21 PAGE 4   

   IDATA SIZE       =   ----    ----
   BIT SIZE         =   ----    ----
END OF MODULE INFORMATION.


C51 COMPILATION COMPLETE.  0 WARNING(S),  0 ERROR(S)
