C51 COMPILER V9.60.0.0   KEY                                                               06/14/2024 15:28:32 PAGE 1   


C51 COMPILER V9.60.0.0, COMPILATION OF MODULE KEY
OBJECT MODULE PLACED IN .\Objects\Key.obj
COMPILER INVOKED BY: D:\Keil_v5\C51\BIN\C51.EXE ..\Driver\Key.c OPTIMIZE(8,SPEED) BROWSE INCDIR(..\Driver) DEBUG OBJECTE
                    -XTEND PRINT(.\Listings\Key.lst) TABS(2) OBJECT(.\Objects\Key.obj)

line level    source

   1          #include <Key.h>
   2          
   3          unsigned char Key_Read(){
   4   1        unsigned char temp = 0;
   5   1        if(P3_1 == 0) temp = 5;
   6   1        if(P3_0 == 0) temp = 6;
   7   1        if(P3_2 == 0) temp = 7;
   8   1        if(P3_3 == 0) temp = 8;
   9   1        P1_4 = P1_5 = P1_6 = 1;P1_7 = 0;
  10   1        if(P1_3 == 0) temp = 1;
  11   1        if(P1_2 == 0) temp = 2;
  12   1        if(P1_1 == 0) temp = 3;
  13   1        P1_4 = P1_5 = P1_7 = 1;P1_6 = 0;
  14   1        if(P1_3 == 0) temp = 4;
  15   1        if(P1_2 == 0) temp = 9;
  16   1        return temp;
  17   1      }


MODULE INFORMATION:   STATIC OVERLAYABLE
   CODE SIZE        =     64    ----
   CONSTANT SIZE    =   ----    ----
   XDATA SIZE       =   ----    ----
   PDATA SIZE       =   ----    ----
   DATA SIZE        =   ----    ----
   IDATA SIZE       =   ----    ----
   BIT SIZE         =   ----    ----
END OF MODULE INFORMATION.


C51 COMPILATION COMPLETE.  0 WARNING(S),  0 ERROR(S)
