C51 COMPILER V9.60.0.0   LED                                                               06/12/2024 19:49:11 PAGE 1   


C51 COMPILER V9.60.0.0, COMPILATION OF MODULE LED
OBJECT MODULE PLACED IN .\Objects\Led.obj
COMPILER INVOKED BY: D:\Keil_v5\C51\BIN\C51.EXE ..\Driver\Led.c OPTIMIZE(8,SPEED) BROWSE INCDIR(..\Driver) DEBUG OBJECTE
                    -XTEND PRINT(.\Listings\Led.lst) TABS(2) OBJECT(.\Objects\Led.obj)

line level    source

   1          /*тнРтнРтнРтнРтнРтнРтнРтнРтнРтнРтнРтнРтнРтнРтнРтнРтнРтнРтнРтнРтнРтнРтнРтнРтнРтнРтнРтнРтнРтнРтнРтнРтнРтнРтн
             -РтнРтнРтнРтнРтнРтнРтнРтнРтнРтнРтнРтнР
   2          тнРLEDцЙлцППх║Хх▒ВхЗ╜цХ░хПкчВ╣ф║оф╕Ацмбя╝МшЛешжБхоЮчО░ш░Гф║ощЬАшжБхЬих╖▓чВ╣ф║очЪДхЯ║чбАф╕КхЖНхИЗцНвф║очБнш
             -░ГцХ┤хНачй║цпФуАВ
   3          тнРхЯ║ф║ОLEDчВ╣ф║очЪДц╡Бш╜мцЧ╢щЧ┤Led_Ctro = 400msя╝МхЬихоЪцЧ╢хЩи0ф╕нх╛кчОпцЙлцППLEDчБпя╝МцШпхРжчВ╣ф║о
   4          тнРшЛечВ╣ф║оя╝МхИЩш┐ЫшбМPWMш░Гф║оя╝МшЛеф╕Нф║оя╝МхИЩф╕Нхп╣хЕ╢ш┐ЫшбМцУНф╜Ь
   5          тнРтнРтнРтнРтнРтнРтнРтнРтнРтнРтнРтнРтнРтнРтнРтнРтнРтнРтнРтнРтнРтнРтнРтнРтнРтнРтнРтнРтнРтнРтнРтнРтнРтнРтнРт
             -нРтнРтнРтнРтнРтнРтнРтнРтнРтнРтнРтнР*/
   6          
   7          #include <Led.h>
   8          
   9          static unsigned char temp = 0X00;
  10          static unsigned char temp_Old = 0XFF;
  11          
  12          void Led_Disp(unsigned char addr,enable){
  13   1        static unsigned char temp = 0X00;
  14   1        static unsigned char temp_Old = 0XFF;
  15   1        
  16   1        if(enable)
  17   1          temp |= 0X01 << addr;
  18   1        else
  19   1          temp &= ~(0X01 << addr);
  20   1        
  21   1        if(temp != temp_Old){//хПкчВ╣ф║о/хЕ│щЧнф╕Ацмб
  22   2          P2 = ~temp;
  23   2          temp_Old = temp;
  24   2        }
  25   1      }


MODULE INFORMATION:   STATIC OVERLAYABLE
   CODE SIZE        =     48    ----
   CONSTANT SIZE    =   ----    ----
   XDATA SIZE       =   ----    ----
   PDATA SIZE       =   ----    ----
   DATA SIZE        =      4    ----
   IDATA SIZE       =   ----    ----
   BIT SIZE         =   ----    ----
END OF MODULE INFORMATION.


C51 COMPILATION COMPLETE.  0 WARNING(S),  0 ERROR(S)
