C51 COMPILER V9.60.0.0   ONEWIRE                                                           06/06/2024 00:34:22 PAGE 1   


C51 COMPILER V9.60.0.0, COMPILATION OF MODULE ONEWIRE
OBJECT MODULE PLACED IN .\Objects\OneWire.obj
COMPILER INVOKED BY: D:\Keil_v5\C51\BIN\C51.EXE ..\Driver\OneWire.c OPTIMIZE(8,SPEED) BROWSE INCDIR(..\Driver) DEBUG OBJ
                    -ECTEXTEND PRINT(.\Listings\OneWire.lst) TABS(2) OBJECT(.\Objects\OneWire.obj)

line level    source

   1          #include <REGX52.H>
   2          
   3          //引脚定义
   4          sbit OneWire_DQ=P3^7;
   5          
   6          /**
   7            * @brief  单总线初始化
   8            * @param  无
   9            * @retval 从机响应位，0为响应，1为未响应
  10            */
  11          unsigned char OneWire_Init(void)
  12          {
  13   1        unsigned char i;
  14   1        unsigned char AckBit;
  15   1        OneWire_DQ=1;
  16   1        OneWire_DQ=0;
  17   1        i = 247;while (--i);    //Delay 500us
  18   1        OneWire_DQ=1;
  19   1        i = 32;while (--i);     //Delay 70us
  20   1        AckBit=OneWire_DQ;
  21   1        i = 247;while (--i);    //Delay 500us
  22   1        return AckBit;
  23   1      }
  24          
  25          /**
  26            * @brief  单总线发送一位
  27            * @param  Bit 要发送的位
  28            * @retval 无
  29            */
  30          void OneWire_SendBit(unsigned char Bit)
  31          {
  32   1        unsigned char i;
  33   1        EA=0;
  34   1        OneWire_DQ=0;
  35   1        i = 4;while (--i);      //Delay 10us
  36   1        OneWire_DQ=Bit;
  37   1        i = 24;while (--i);     //Delay 50us
  38   1        OneWire_DQ=1;
  39   1        EA=1;
  40   1      }
  41          
  42          /**
  43            * @brief  单总线接收一位
  44            * @param  无
  45            * @retval 读取的位
  46            */
  47          unsigned char OneWire_ReceiveBit(void)
  48          {
  49   1        unsigned char i;
  50   1        unsigned char Bit;
  51   1        EA=0;
  52   1        OneWire_DQ=0;
  53   1        i = 2;while (--i);      //Delay 5us
  54   1        OneWire_DQ=1;
C51 COMPILER V9.60.0.0   ONEWIRE                                                           06/06/2024 00:34:22 PAGE 2   

  55   1        i = 2;while (--i);      //Delay 5us
  56   1        Bit=OneWire_DQ;
  57   1        i = 24;while (--i);     //Delay 50us
  58   1        EA=1;
  59   1        return Bit;
  60   1      }
  61          
  62          /**
  63            * @brief  单总线发送一个字节
  64            * @param  Byte 要发送的字节
  65            * @retval 无
  66            */
  67          void OneWire_SendByte(unsigned char Byte)
  68          {
  69   1        unsigned char i;
  70   1        for(i=0;i<8;i++)
  71   1        {
  72   2          OneWire_SendBit(Byte&(0x01<<i));
  73   2        }
  74   1      }
  75          
  76          /**
  77            * @brief  单总线接收一个字节
  78            * @param  无
  79            * @retval 接收的一个字节
  80            */
  81          unsigned char OneWire_ReceiveByte(void)
  82          {
  83   1        unsigned char i;
  84   1        unsigned char Byte=0x00;
  85   1        for(i=0;i<8;i++)
  86   1        {
  87   2          if(OneWire_ReceiveBit()){Byte|=(0x01<<i);}
  88   2        }
  89   1        return Byte;
  90   1      }


MODULE INFORMATION:   STATIC OVERLAYABLE
   CODE SIZE        =    148    ----
   CONSTANT SIZE    =   ----    ----
   XDATA SIZE       =   ----    ----
   PDATA SIZE       =   ----    ----
   DATA SIZE        =   ----    ----
   IDATA SIZE       =   ----    ----
   BIT SIZE         =   ----    ----
END OF MODULE INFORMATION.


C51 COMPILATION COMPLETE.  0 WARNING(S),  0 ERROR(S)
