C51 COMPILER V9.60.0.0   SEG                                                               06/12/2024 20:22:46 PAGE 1   


C51 COMPILER V9.60.0.0, COMPILATION OF MODULE SEG
OBJECT MODULE PLACED IN .\Objects\Seg.obj
COMPILER INVOKED BY: D:\Keil_v5\C51\BIN\C51.EXE ..\Driver\Seg.c OPTIMIZE(8,SPEED) BROWSE INCDIR(..\Driver) DEBUG OBJECTE
                    -XTEND PRINT(.\Listings\Seg.lst) TABS(2) OBJECT(.\Objects\Seg.obj)

line level    source

   1          #include <Seg.h>
   2          
   3          code unsigned char Seg_Dula[] = {0x3f,0x06,0x5b,0x4f,0x66,0x6d,0x7d,0x07,0x7f,0x6f,0X00,0X39,0x73,0X40,0X8
             -6,0X3E,0X88,0X38,0X89,0X8E,0X08,0X01};//C,P,-,E,U,A,L,H,F,_,^
   4          code unsigned char Seg_Wela[] = {0X1C,0X18,0X14,0X10,0X0C,0X08,0X04,0X00};
   5          
   6          void Seg_Disp(unsigned char wela,dula,point){
   7   1        P2 = (P2 & 0XE3) | Seg_Wela[wela];//1110 0011 = 0XE3
   8   1      
   9   1        P0 = 0X00;
  10   1        
  11   1        P0 = Seg_Dula[dula];
  12   1      
  13   1        if(point)
  14   1          P0 = Seg_Dula[dula] | 0X80;
  15   1        else
  16   1          P0 = Seg_Dula[dula];
  17   1      }


MODULE INFORMATION:   STATIC OVERLAYABLE
   CODE SIZE        =     46    ----
   CONSTANT SIZE    =     30    ----
   XDATA SIZE       =   ----    ----
   PDATA SIZE       =   ----    ----
   DATA SIZE        =   ----    ----
   IDATA SIZE       =   ----    ----
   BIT SIZE         =   ----    ----
END OF MODULE INFORMATION.


C51 COMPILATION COMPLETE.  0 WARNING(S),  0 ERROR(S)
