C51 COMPILER V9.60.0.0   TIMER0                                                            06/01/2024 18:21:23 PAGE 1   


C51 COMPILER V9.60.0.0, COMPILATION OF MODULE TIMER0
OBJECT MODULE PLACED IN .\Objects\Timer0.obj
COMPILER INVOKED BY: D:\Keil_v5\C51\BIN\C51.EXE Timer0.c OPTIMIZE(8,SPEED) BROWSE DEBUG OBJECTEXTEND PRINT(.\Listings\Ti
                    -mer0.lst) TABS(2) OBJECT(.\Objects\Timer0.obj)

line level    source

   1          #include <REGX52.H>
   2          
   3          /**
   4            * @brief  定时器0初始化，1毫秒@12.000MHz
   5            * @param  无
   6            * @retval 无
   7            */
   8          //void Init(void){
   9          //  TMOD=0x11;                //定时器0工作在模式1 定时1ms
  10          //  T2MOD=0;                  //定时器1模式1 用作音调发生器
  11          //  T2CON=0;                  //定时器2定时模式 定时50ms 用作延音
  12          //  TL0=(65536 - 1000) % 256; //设置定时低八位初始值
  13          //  TH0=(65536 - 1000) / 256; //设置定时高八位初始值
  14          //  TH2=0;
  15          //  TL2=0;
  16          //  TF0=0;
  17          //  TR0=1;
  18          //  ET0=1;
  19          //  ET1=1;
  20          //  ET2=1;
  21          //  EA=1;
  22          //}
  23          
  24          /*定时器中断函数模板
  25          void Timer0_Routine() interrupt 1
  26          {
  27            static unsigned int T0Count;
  28            TL0 = 0x18;   //设置定时初值
  29            TH0 = 0xFC;   //设置定时初值
  30            T0Count++;
  31            if(T0Count>=1000)
  32            {
  33              T0Count=0;
  34              
  35            }
  36          }
  37          */


MODULE INFORMATION:   STATIC OVERLAYABLE
   CODE SIZE        =   ----    ----
   CONSTANT SIZE    =   ----    ----
   XDATA SIZE       =   ----    ----
   PDATA SIZE       =   ----    ----
   DATA SIZE        =   ----    ----
   IDATA SIZE       =   ----    ----
   BIT SIZE         =   ----    ----
END OF MODULE INFORMATION.


C51 COMPILATION COMPLETE.  0 WARNING(S),  0 ERROR(S)
